2026-07-04 00:40:55.239 -04:00 [INF] Executed DbCommand (7ms) [Parameters=[], CommandType='"Text"', CommandTimeout='30']
SELECT COUNT(*) FROM "sqlite_master" WHERE "type" = 'table' AND "rootpage" IS NOT NULL;
2026-07-04 00:40:55.334 -04:00 [INF] User profile is available. Using '/home/carlosquezada/.aspnet/DataProtection-Keys' as key repository; keys will not be encrypted at rest.
2026-07-04 00:40:55.397 -04:00 [ERR] Hosting failed to start
System.IO.IOException: Failed to bind to address http://127.0.0.1:5000: address already in use.
 ---> Microsoft.AspNetCore.Connections.AddressInUseException: Address already in use
 ---> System.Net.Sockets.SocketException (98): Address already in use
   at System.Net.Sockets.Socket.UpdateStatusAfterSocketErrorAndThrowException(SocketError error, Boolean disconnectOnFailure, String callerName)
   at System.Net.Sockets.Socket.DoBind(EndPoint endPointSnapshot, SocketAddress socketAddress)
   at System.Net.Sockets.Socket.Bind(EndPoint localEP)
   at Microsoft.AspNetCore.Server.Kestrel.Transport.Sockets.SocketTransportOptions.CreateDefaultBoundListenSocket(EndPoint endpoint)
   at Microsoft.AspNetCore.Server.Kestrel.Transport.Sockets.SocketConnectionListener.Bind()
   --- End of inner exception stack trace ---
   at Microsoft.AspNetCore.Server.Kestrel.Transport.Sockets.SocketConnectionListener.Bind()
   at Microsoft.AspNetCore.Server.Kestrel.Transport.Sockets.SocketTransportFactory.BindAsync(EndPoint endpoint, CancellationToken cancellationToken)
   at Microsoft.AspNetCore.Server.Kestrel.Core.Internal.Infrastructure.TransportManager.BindAsync(EndPoint endPoint, ConnectionDelegate connectionDelegate, EndpointConfig endpointConfig, CancellationToken cancellationToken)
   at Microsoft.AspNetCore.Server.Kestrel.Core.KestrelServerImpl.<>c__DisplayClass28_0`1.<<StartAsync>g__OnBind|0>d.MoveNext()
--- End of stack trace from previous location ---
   at Microsoft.AspNetCore.Server.Kestrel.Core.Internal.AddressBinder.BindEndpointAsync(ListenOptions endpoint, AddressBindContext context, CancellationToken cancellationToken)
   --- End of inner exception stack trace ---
   at Microsoft.AspNetCore.Server.Kestrel.Core.Internal.AddressBinder.BindEndpointAsync(ListenOptions endpoint, AddressBindContext context, CancellationToken cancellationToken)
   at Microsoft.AspNetCore.Server.Kestrel.Core.LocalhostListenOptions.BindAsync(AddressBindContext context, CancellationToken cancellationToken)
   at Microsoft.AspNetCore.Server.Kestrel.Core.Internal.AddressBinder.DefaultAddressStrategy.BindAsync(AddressBindContext context, CancellationToken cancellationToken)
   at Microsoft.AspNetCore.Server.Kestrel.Core.KestrelServerImpl.BindAsync(CancellationToken cancellationToken)
   at Microsoft.AspNetCore.Server.Kestrel.Core.KestrelServerImpl.StartAsync[TContext](IHttpApplication`1 application, CancellationToken cancellationToken)
   at Microsoft.AspNetCore.Hosting.GenericWebHostService.StartAsync(CancellationToken cancellationToken)
   at Microsoft.Extensions.Hosting.Internal.Host.<StartAsync>b__14_1(IHostedService service, CancellationToken token)
   at Microsoft.Extensions.Hosting.Internal.Host.ForeachService[T](IEnumerable`1 services, CancellationToken token, Boolean concurrent, Boolean abortOnFirstException, List`1 exceptions, Func`3 operation)
2026-07-04 00:47:33.494 -04:00 [INF] Executed DbCommand (7ms) [Parameters=[], CommandType='"Text"', CommandTimeout='30']
SELECT COUNT(*) FROM "sqlite_master" WHERE "type" = 'table' AND "rootpage" IS NOT NULL;
2026-07-04 00:47:33.587 -04:00 [INF] User profile is available. Using '/home/carlosquezada/.aspnet/DataProtection-Keys' as key repository; keys will not be encrypted at rest.
2026-07-04 00:47:33.635 -04:00 [INF] Now listening on: http://localhost:5001
2026-07-04 00:47:33.636 -04:00 [INF] Application started. Press Ctrl+C to shut down.
2026-07-04 00:47:33.636 -04:00 [INF] Hosting environment: Development
2026-07-04 00:47:33.636 -04:00 [INF] Content root path: /home/carlosquezada/Documentos/GitHub/Pruebas opencode/proyectoTodoList/Backend/TaskFlow.Api
2026-07-04 00:47:46.159 -04:00 [INF] Application is shutting down...
2026-07-04 00:47:51.231 -04:00 [INF] Executed DbCommand (6ms) [Parameters=[], CommandType='"Text"', CommandTimeout='30']
SELECT COUNT(*) FROM "sqlite_master" WHERE "type" = 'table' AND "rootpage" IS NOT NULL;
2026-07-04 00:47:51.318 -04:00 [INF] User profile is available. Using '/home/carlosquezada/.aspnet/DataProtection-Keys' as key repository; keys will not be encrypted at rest.
2026-07-04 00:47:51.379 -04:00 [INF] Now listening on: http://localhost:5001
2026-07-04 00:47:51.381 -04:00 [INF] Application started. Press Ctrl+C to shut down.
2026-07-04 00:47:51.382 -04:00 [INF] Hosting environment: Production
2026-07-04 00:47:51.382 -04:00 [INF] Content root path: /home/carlosquezada/Documentos/GitHub/Pruebas opencode/proyectoTodoList/Backend/TaskFlow.Api
2026-07-04 00:49:15.800 -04:00 [INF] Request starting HTTP/1.1 GET http://localhost:5001/ - null null
2026-07-04 00:49:15.817 -04:00 [WRN] Failed to determine the https port for redirect.
2026-07-04 00:49:15.832 -04:00 [INF] Executing endpoint 'Fallback {*path:nonfile}'
2026-07-04 00:49:15.841 -04:00 [INF] Sending file. Request path: '/index.html'. Physical path: '/home/carlosquezada/Documentos/GitHub/Pruebas opencode/proyectoTodoList/Backend/TaskFlow.Api/wwwroot/index.html'
2026-07-04 00:49:15.842 -04:00 [INF] Executed endpoint 'Fallback {*path:nonfile}'
2026-07-04 00:49:15.842 -04:00 [INF] Request finished HTTP/1.1 GET http://localhost:5001/index.html - 200 13012 text/html 43.4426ms
2026-07-04 00:49:15.864 -04:00 [INF] Request starting HTTP/1.1 GET http://localhost:5001/js/app.js - null null
2026-07-04 00:49:15.864 -04:00 [INF] Request starting HTTP/1.1 GET http://localhost:5001/css/style.css - null null
2026-07-04 00:49:15.867 -04:00 [INF] Sending file. Request path: '/css/style.css'. Physical path: '/home/carlosquezada/Documentos/GitHub/Pruebas opencode/proyectoTodoList/Backend/TaskFlow.Api/wwwroot/css/style.css'
2026-07-04 00:49:15.868 -04:00 [INF] Sending file. Request path: '/js/app.js'. Physical path: '/home/carlosquezada/Documentos/GitHub/Pruebas opencode/proyectoTodoList/Backend/TaskFlow.Api/wwwroot/js/app.js'
2026-07-04 00:49:15.868 -04:00 [INF] Request finished HTTP/1.1 GET http://localhost:5001/css/style.css - 200 38312 text/css 4.4352ms
2026-07-04 00:49:15.868 -04:00 [INF] Request finished HTTP/1.1 GET http://localhost:5001/js/app.js - 200 44516 text/javascript 4.5204ms
2026-07-04 00:49:15.905 -04:00 [INF] Request starting HTTP/1.1 GET http://localhost:5001/manifest.json - null null
2026-07-04 00:49:15.905 -04:00 [INF] Sending file. Request path: '/manifest.json'. Physical path: '/home/carlosquezada/Documentos/GitHub/Pruebas opencode/proyectoTodoList/Backend/TaskFlow.Api/wwwroot/manifest.json'
2026-07-04 00:49:15.905 -04:00 [INF] Request finished HTTP/1.1 GET http://localhost:5001/manifest.json - 200 572 application/json 0.5731ms
2026-07-04 00:49:16.033 -04:00 [INF] Request starting HTTP/1.1 GET http://localhost:5001/icons/icon-192.png - null null
2026-07-04 00:49:16.034 -04:00 [INF] Sending file. Request path: '/icons/icon-192.png'. Physical path: '/home/carlosquezada/Documentos/GitHub/Pruebas opencode/proyectoTodoList/Backend/TaskFlow.Api/wwwroot/icons/icon-192.png'
2026-07-04 00:49:16.034 -04:00 [INF] Request finished HTTP/1.1 GET http://localhost:5001/icons/icon-192.png - 200 1063 image/png 0.9035ms
2026-07-04 00:49:16.041 -04:00 [INF] Request starting HTTP/1.1 GET http://localhost:5001/sw.js - null null
2026-07-04 00:49:16.042 -04:00 [INF] Sending file. Request path: '/sw.js'. Physical path: '/home/carlosquezada/Documentos/GitHub/Pruebas opencode/proyectoTodoList/Backend/TaskFlow.Api/wwwroot/sw.js'
2026-07-04 00:49:16.042 -04:00 [INF] Request finished HTTP/1.1 GET http://localhost:5001/sw.js - 200 1038 text/javascript 0.858ms
2026-07-04 00:49:16.053 -04:00 [INF] Request starting HTTP/1.1 GET http://localhost:5001/index.html - null null
2026-07-04 00:49:16.053 -04:00 [INF] Sending file. Request path: '/index.html'. Physical path: '/home/carlosquezada/Documentos/GitHub/Pruebas opencode/proyectoTodoList/Backend/TaskFlow.Api/wwwroot/index.html'
2026-07-04 00:49:16.053 -04:00 [INF] Request finished HTTP/1.1 GET http://localhost:5001/index.html - 200 13012 text/html 0.4402ms
2026-07-04 00:49:48.925 -04:00 [INF] Application is shutting down...
2026-07-04 00:50:19.288 -04:00 [INF] Executed DbCommand (8ms) [Parameters=[], CommandType='"Text"', CommandTimeout='30']
SELECT COUNT(*) FROM "sqlite_master" WHERE "type" = 'table' AND "rootpage" IS NOT NULL;
2026-07-04 00:50:19.377 -04:00 [INF] User profile is available. Using '/home/carlosquezada/.aspnet/DataProtection-Keys' as key repository; keys will not be encrypted at rest.
2026-07-04 00:50:19.423 -04:00 [INF] Now listening on: http://localhost:5001
2026-07-04 00:50:19.424 -04:00 [INF] Application started. Press Ctrl+C to shut down.
2026-07-04 00:50:19.425 -04:00 [INF] Hosting environment: Production
2026-07-04 00:50:19.425 -04:00 [INF] Content root path: /home/carlosquezada/Documentos/GitHub/Pruebas opencode/proyectoTodoList/Backend/TaskFlow.Api
2026-07-04 00:50:20.022 -04:00 [INF] Request starting HTTP/1.1 GET http://localhost:5001/ - null null
2026-07-04 00:50:20.041 -04:00 [WRN] Failed to determine the https port for redirect.
2026-07-04 00:50:20.055 -04:00 [INF] Executing endpoint 'Fallback {*path:nonfile}'
2026-07-04 00:50:20.062 -04:00 [INF] Sending file. Request path: '/index.html'. Physical path: '/home/carlosquezada/Documentos/GitHub/Pruebas opencode/proyectoTodoList/Backend/TaskFlow.Api/wwwroot/index.html'
2026-07-04 00:50:20.062 -04:00 [INF] Executed endpoint 'Fallback {*path:nonfile}'
2026-07-04 00:50:20.063 -04:00 [INF] Request finished HTTP/1.1 GET http://localhost:5001/index.html - 200 13012 text/html 42.1338ms
2026-07-04 00:51:18.653 -04:00 [INF] Request starting HTTP/1.1 GET http://localhost:5001/sw.js - null null
2026-07-04 00:51:18.673 -04:00 [INF] The file /sw.js was not modified
2026-07-04 00:51:18.673 -04:00 [INF] Request finished HTTP/1.1 GET http://localhost:5001/sw.js - 304 null text/javascript 21.0806ms
2026-07-04 00:51:19.442 -04:00 [INF] Request starting HTTP/1.1 GET http://localhost:5001/ - null null
2026-07-04 00:51:19.445 -04:00 [INF] Executing endpoint 'Fallback {*path:nonfile}'
2026-07-04 00:51:19.452 -04:00 [INF] Sending file. Request path: '/index.html'. Physical path: '/home/carlosquezada/Documentos/GitHub/Pruebas opencode/proyectoTodoList/Backend/TaskFlow.Api/wwwroot/index.html'
2026-07-04 00:51:19.453 -04:00 [INF] Executed endpoint 'Fallback {*path:nonfile}'
2026-07-04 00:51:19.455 -04:00 [INF] Request finished HTTP/1.1 GET http://localhost:5001/index.html - 200 13012 text/html 12.1133ms
2026-07-04 00:51:19.475 -04:00 [INF] Request starting HTTP/1.1 GET http://localhost:5001/css/style.css - null null
2026-07-04 00:51:19.476 -04:00 [INF] Sending file. Request path: '/css/style.css'. Physical path: '/home/carlosquezada/Documentos/GitHub/Pruebas opencode/proyectoTodoList/Backend/TaskFlow.Api/wwwroot/css/style.css'
2026-07-04 00:51:19.476 -04:00 [INF] Request finished HTTP/1.1 GET http://localhost:5001/css/style.css - 200 38312 text/css 1.5418ms
2026-07-04 00:51:19.479 -04:00 [INF] Request starting HTTP/1.1 GET http://localhost:5001/js/app.js - null null
2026-07-04 00:51:19.479 -04:00 [INF] Request starting HTTP/1.1 GET http://localhost:5001/manifest.json - null null
2026-07-04 00:51:19.480 -04:00 [INF] Sending file. Request path: '/manifest.json'. Physical path: '/home/carlosquezada/Documentos/GitHub/Pruebas opencode/proyectoTodoList/Backend/TaskFlow.Api/wwwroot/manifest.json'
2026-07-04 00:51:19.480 -04:00 [INF] Sending file. Request path: '/js/app.js'. Physical path: '/home/carlosquezada/Documentos/GitHub/Pruebas opencode/proyectoTodoList/Backend/TaskFlow.Api/wwwroot/js/app.js'
2026-07-04 00:51:19.480 -04:00 [INF] Request finished HTTP/1.1 GET http://localhost:5001/manifest.json - 200 572 application/json 0.5559ms
2026-07-04 00:51:19.480 -04:00 [INF] Request finished HTTP/1.1 GET http://localhost:5001/js/app.js - 200 44516 text/javascript 0.669ms
2026-07-04 00:51:20.225 -04:00 [INF] Request starting HTTP/1.1 GET http://localhost:5001/icons/icon-192.png - null null
2026-07-04 00:51:20.233 -04:00 [INF] Sending file. Request path: '/icons/icon-192.png'. Physical path: '/home/carlosquezada/Documentos/GitHub/Pruebas opencode/proyectoTodoList/Backend/TaskFlow.Api/wwwroot/icons/icon-192.png'
2026-07-04 00:51:20.233 -04:00 [INF] Request finished HTTP/1.1 GET http://localhost:5001/icons/icon-192.png - 200 1063 image/png 7.5284ms
2026-07-04 00:54:41.775 -04:00 [INF] Application is shutting down...
2026-07-04 00:55:21.931 -04:00 [INF] Executed DbCommand (7ms) [Parameters=[], CommandType='"Text"', CommandTimeout='30']
SELECT COUNT(*) FROM "sqlite_master" WHERE "type" = 'table' AND "rootpage" IS NOT NULL;
2026-07-04 00:55:22.072 -04:00 [INF] User profile is available. Using '/home/carlosquezada/.aspnet/DataProtection-Keys' as key repository; keys will not be encrypted at rest.
2026-07-04 00:55:22.123 -04:00 [INF] Now listening on: http://localhost:5001
2026-07-04 00:55:22.124 -04:00 [INF] Application started. Press Ctrl+C to shut down.
2026-07-04 00:55:22.125 -04:00 [INF] Hosting environment: Production
2026-07-04 00:55:22.125 -04:00 [INF] Content root path: /home/carlosquezada/Documentos/GitHub/Pruebas opencode/proyectoTodoList/Backend/TaskFlow.Api
2026-07-04 00:55:29.309 -04:00 [INF] Application is shutting down...
2026-07-04 00:55:44.211 -04:00 [INF] Executed DbCommand (7ms) [Parameters=[], CommandType='"Text"', CommandTimeout='30']
SELECT COUNT(*) FROM "sqlite_master" WHERE "type" = 'table' AND "rootpage" IS NOT NULL;
2026-07-04 00:55:44.318 -04:00 [INF] User profile is available. Using '/home/carlosquezada/.aspnet/DataProtection-Keys' as key repository; keys will not be encrypted at rest.
2026-07-04 00:55:44.418 -04:00 [INF] Now listening on: http://localhost:5001
2026-07-04 00:55:44.421 -04:00 [INF] Application started. Press Ctrl+C to shut down.
2026-07-04 00:55:44.422 -04:00 [INF] Hosting environment: Production
2026-07-04 00:55:44.422 -04:00 [INF] Content root path: /home/carlosquezada/Documentos/GitHub/Pruebas opencode/proyectoTodoList/Backend/TaskFlow.Api
2026-07-04 00:55:44.902 -04:00 [INF] Request starting HTTP/1.1 GET http://localhost:5001/api/notas - null null
2026-07-04 00:55:44.922 -04:00 [WRN] Failed to determine the https port for redirect.
2026-07-04 00:55:44.941 -04:00 [INF] Authorization failed. These requirements were not met:
DenyAnonymousAuthorizationRequirement: Requires an authenticated user.
2026-07-04 00:55:44.944 -04:00 [INF] AuthenticationScheme: Bearer was challenged.
2026-07-04 00:55:44.946 -04:00 [INF] Request finished HTTP/1.1 GET http://localhost:5001/api/notas - 401 0 null 46.153ms
2026-07-04 00:56:47.247 -04:00 [INF] Request starting HTTP/1.1 GET http://localhost:5001/sw.js - null null
2026-07-04 00:56:47.264 -04:00 [INF] The file /sw.js was not modified
2026-07-04 00:56:47.265 -04:00 [INF] Request finished HTTP/1.1 GET http://localhost:5001/sw.js - 304 null text/javascript 17.9801ms
2026-07-04 00:56:49.561 -04:00 [INF] Request starting HTTP/1.1 GET http://localhost:5001/ - null null
2026-07-04 00:56:49.570 -04:00 [INF] Executing endpoint 'Fallback {*path:nonfile}'
2026-07-04 00:56:49.577 -04:00 [INF] Sending file. Request path: '/index.html'. Physical path: '/home/carlosquezada/Documentos/GitHub/Pruebas opencode/proyectoTodoList/Backend/TaskFlow.Api/wwwroot/index.html'
2026-07-04 00:56:49.577 -04:00 [INF] Executed endpoint 'Fallback {*path:nonfile}'
2026-07-04 00:56:49.578 -04:00 [INF] Request finished HTTP/1.1 GET http://localhost:5001/index.html - 200 13019 text/html 16.8978ms
2026-07-04 00:56:49.608 -04:00 [INF] Request starting HTTP/1.1 GET http://localhost:5001/css/style.css - null null
2026-07-04 00:56:49.610 -04:00 [INF] Request starting HTTP/1.1 GET http://localhost:5001/js/app.js - null null
2026-07-04 00:56:49.611 -04:00 [INF] Request starting HTTP/1.1 GET http://localhost:5001/manifest.json - null null
2026-07-04 00:56:49.612 -04:00 [INF] Sending file. Request path: '/css/style.css'. Physical path: '/home/carlosquezada/Documentos/GitHub/Pruebas opencode/proyectoTodoList/Backend/TaskFlow.Api/wwwroot/css/style.css'
2026-07-04 00:56:49.612 -04:00 [INF] Sending file. Request path: '/manifest.json'. Physical path: '/home/carlosquezada/Documentos/GitHub/Pruebas opencode/proyectoTodoList/Backend/TaskFlow.Api/wwwroot/manifest.json'
2026-07-04 00:56:49.613 -04:00 [INF] Sending file. Request path: '/js/app.js'. Physical path: '/home/carlosquezada/Documentos/GitHub/Pruebas opencode/proyectoTodoList/Backend/TaskFlow.Api/wwwroot/js/app.js'
2026-07-04 00:56:49.613 -04:00 [INF] Request finished HTTP/1.1 GET http://localhost:5001/css/style.css - 200 38295 text/css 4.5126ms
2026-07-04 00:56:49.613 -04:00 [INF] Request finished HTTP/1.1 GET http://localhost:5001/manifest.json - 200 572 application/json 1.6471ms
2026-07-04 00:56:49.613 -04:00 [INF] Request finished HTTP/1.1 GET http://localhost:5001/js/app.js - 200 44843 text/javascript 3.0987ms
2026-07-04 00:56:53.368 -04:00 [INF] Request starting HTTP/1.1 GET http://localhost:5001/icons/icon-192.png - null null
2026-07-04 00:56:53.375 -04:00 [INF] Sending file. Request path: '/icons/icon-192.png'. Physical path: '/home/carlosquezada/Documentos/GitHub/Pruebas opencode/proyectoTodoList/Backend/TaskFlow.Api/wwwroot/icons/icon-192.png'
2026-07-04 00:56:53.376 -04:00 [INF] Request finished HTTP/1.1 GET http://localhost:5001/icons/icon-192.png - 200 1063 image/png 7.5525ms
2026-07-04 01:01:41.428 -04:00 [INF] Application is shutting down...
2026-07-04 01:02:24.755 -04:00 [INF] Executed DbCommand (7ms) [Parameters=[], CommandType='"Text"', CommandTimeout='30']
SELECT COUNT(*) FROM "sqlite_master" WHERE "type" = 'table' AND "rootpage" IS NOT NULL;
2026-07-04 01:02:25.030 -04:00 [INF] Executed DbCommand (0ms) [Parameters=[], CommandType='"Text"', CommandTimeout='30']
SELECT EXISTS (
    SELECT 1
    FROM "Usuarios" AS "u")
2026-07-04 01:02:25.141 -04:00 [INF] Now listening on: http://localhost:5001
2026-07-04 01:02:25.142 -04:00 [INF] Application started. Press Ctrl+C to shut down.
2026-07-04 01:02:25.143 -04:00 [INF] Hosting environment: Production
2026-07-04 01:02:25.143 -04:00 [INF] Content root path: /home/carlosquezada/Documentos/GitHub/Pruebas opencode/proyectoTodoList/Backend/TaskFlow.Api
2026-07-04 01:02:26.205 -04:00 [INF] Request starting HTTP/1.1 GET http://localhost:5001/api/notas - null null
2026-07-04 01:02:26.237 -04:00 [WRN] Failed to determine the https port for redirect.
2026-07-04 01:02:26.242 -04:00 [INF] Executing endpoint 'TaskFlow.Api.Controllers.NotasController.GetAll (TaskFlow.Api)'
2026-07-04 01:02:26.258 -04:00 [INF] Route matched with {action = "GetAll", controller = "Notas"}. Executing controller action with signature System.Threading.Tasks.Task`1[Microsoft.AspNetCore.Mvc.ActionResult`1[TaskFlow.Api.Models.PagedResponse`1[TaskFlow.Api.Models.Nota]]] GetAll(Boolean, Boolean, Int32, Int32) on controller TaskFlow.Api.Controllers.NotasController (TaskFlow.Api).
2026-07-04 01:02:26.354 -04:00 [ERR] Failed executing DbCommand (3ms) [Parameters=[@__usuarioId_0='?' (DbType = Int32), @__archivadas_1='?' (DbType = Boolean)], CommandType='"Text"', CommandTimeout='30']
SELECT COUNT(*)
FROM "Notas" AS "n"
WHERE "n"."UsuarioId" = @__usuarioId_0 AND NOT ("n"."IsDeleted") AND "n"."Archivada" = @__archivadas_1
2026-07-04 01:02:26.369 -04:00 [ERR] An exception occurred while iterating over the results of a query for context type 'TaskFlow.Api.Data.ApplicationDbContext'.
Microsoft.Data.Sqlite.SqliteException (0x80004005): SQLite Error 1: 'no such column: n.IsDeleted'.
   at Microsoft.Data.Sqlite.SqliteException.ThrowExceptionForRC(Int32 rc, sqlite3 db)
   at Microsoft.Data.Sqlite.SqliteCommand.PrepareAndEnumerateStatements()+MoveNext()
   at Microsoft.Data.Sqlite.SqliteCommand.GetStatements()+MoveNext()
   at Microsoft.Data.Sqlite.SqliteDataReader.NextResult()
   at Microsoft.Data.Sqlite.SqliteCommand.ExecuteReader(CommandBehavior behavior)
   at Microsoft.Data.Sqlite.SqliteCommand.ExecuteReaderAsync(CommandBehavior behavior, CancellationToken cancellationToken)
   at Microsoft.Data.Sqlite.SqliteCommand.ExecuteDbDataReaderAsync(CommandBehavior behavior, CancellationToken cancellationToken)
   at Microsoft.EntityFrameworkCore.Storage.RelationalCommand.ExecuteReaderAsync(RelationalCommandParameterObject parameterObject, CancellationToken cancellationToken)
   at Microsoft.EntityFrameworkCore.Storage.RelationalCommand.ExecuteReaderAsync(RelationalCommandParameterObject parameterObject, CancellationToken cancellationToken)
   at Microsoft.EntityFrameworkCore.Query.Internal.SingleQueryingEnumerable`1.AsyncEnumerator.InitializeReaderAsync(AsyncEnumerator enumerator, CancellationToken cancellationToken)
   at Microsoft.EntityFrameworkCore.Query.Internal.SingleQueryingEnumerable`1.AsyncEnumerator.MoveNextAsync()
Microsoft.Data.Sqlite.SqliteException (0x80004005): SQLite Error 1: 'no such column: n.IsDeleted'.
   at Microsoft.Data.Sqlite.SqliteException.ThrowExceptionForRC(Int32 rc, sqlite3 db)
   at Microsoft.Data.Sqlite.SqliteCommand.PrepareAndEnumerateStatements()+MoveNext()
   at Microsoft.Data.Sqlite.SqliteCommand.GetStatements()+MoveNext()
   at Microsoft.Data.Sqlite.SqliteDataReader.NextResult()
   at Microsoft.Data.Sqlite.SqliteCommand.ExecuteReader(CommandBehavior behavior)
   at Microsoft.Data.Sqlite.SqliteCommand.ExecuteReaderAsync(CommandBehavior behavior, CancellationToken cancellationToken)
   at Microsoft.Data.Sqlite.SqliteCommand.ExecuteDbDataReaderAsync(CommandBehavior behavior, CancellationToken cancellationToken)
   at Microsoft.EntityFrameworkCore.Storage.RelationalCommand.ExecuteReaderAsync(RelationalCommandParameterObject parameterObject, CancellationToken cancellationToken)
   at Microsoft.EntityFrameworkCore.Storage.RelationalCommand.ExecuteReaderAsync(RelationalCommandParameterObject parameterObject, CancellationToken cancellationToken)
   at Microsoft.EntityFrameworkCore.Query.Internal.SingleQueryingEnumerable`1.AsyncEnumerator.InitializeReaderAsync(AsyncEnumerator enumerator, CancellationToken cancellationToken)
   at Microsoft.EntityFrameworkCore.Query.Internal.SingleQueryingEnumerable`1.AsyncEnumerator.MoveNextAsync()
2026-07-04 01:02:26.373 -04:00 [INF] Executed action TaskFlow.Api.Controllers.NotasController.GetAll (TaskFlow.Api) in 112.707ms
2026-07-04 01:02:26.381 -04:00 [INF] Executed endpoint 'TaskFlow.Api.Controllers.NotasController.GetAll (TaskFlow.Api)'
2026-07-04 01:02:26.383 -04:00 [ERR] Connection id "0HNMPH5OEVQ9I", Request id "0HNMPH5OEVQ9I:00000001": An unhandled exception was thrown by the application.
Microsoft.Data.Sqlite.SqliteException (0x80004005): SQLite Error 1: 'no such column: n.IsDeleted'.
   at Microsoft.Data.Sqlite.SqliteException.ThrowExceptionForRC(Int32 rc, sqlite3 db)
   at Microsoft.Data.Sqlite.SqliteCommand.PrepareAndEnumerateStatements()+MoveNext()
   at Microsoft.Data.Sqlite.SqliteCommand.GetStatements()+MoveNext()
   at Microsoft.Data.Sqlite.SqliteDataReader.NextResult()
   at Microsoft.Data.Sqlite.SqliteCommand.ExecuteReader(CommandBehavior behavior)
   at Microsoft.Data.Sqlite.SqliteCommand.ExecuteReaderAsync(CommandBehavior behavior, CancellationToken cancellationToken)
   at Microsoft.Data.Sqlite.SqliteCommand.ExecuteDbDataReaderAsync(CommandBehavior behavior, CancellationToken cancellationToken)
   at Microsoft.EntityFrameworkCore.Storage.RelationalCommand.ExecuteReaderAsync(RelationalCommandParameterObject parameterObject, CancellationToken cancellationToken)
   at Microsoft.EntityFrameworkCore.Storage.RelationalCommand.ExecuteReaderAsync(RelationalCommandParameterObject parameterObject, CancellationToken cancellationToken)
   at Microsoft.EntityFrameworkCore.Query.Internal.SingleQueryingEnumerable`1.AsyncEnumerator.InitializeReaderAsync(AsyncEnumerator enumerator, CancellationToken cancellationToken)
   at Microsoft.EntityFrameworkCore.Query.Internal.SingleQueryingEnumerable`1.AsyncEnumerator.MoveNextAsync()
   at Microsoft.EntityFrameworkCore.Query.ShapedQueryCompilingExpressionVisitor.SingleAsync[TSource](IAsyncEnumerable`1 asyncEnumerable, CancellationToken cancellationToken)
   at Microsoft.EntityFrameworkCore.Query.ShapedQueryCompilingExpressionVisitor.SingleAsync[TSource](IAsyncEnumerable`1 asyncEnumerable, CancellationToken cancellationToken)
   at TaskFlow.Api.Repositories.NotaRepository.GetAllByUserAsync(Int32 usuarioId, Boolean archivadas, Int32 page, Int32 pageSize) in /home/carlosquezada/Documentos/GitHub/Pruebas opencode/proyectoTodoList/Backend/TaskFlow.Api/Repositories/NotaRepository.cs:line 25
   at TaskFlow.Api.Controllers.NotasController.GetAll(Boolean archivadas, Boolean eliminadas, Int32 page, Int32 pageSize) in /home/carlosquezada/Documentos/GitHub/Pruebas opencode/proyectoTodoList/Backend/TaskFlow.Api/Controllers/NotasController.cs:line 29
   at lambda_method13(Closure, Object)
   at Microsoft.AspNetCore.Mvc.Infrastructure.ActionMethodExecutor.AwaitableObjectResultExecutor.Execute(ActionContext actionContext, IActionResultTypeMapper mapper, ObjectMethodExecutor executor, Object controller, Object[] arguments)
   at Microsoft.AspNetCore.Mvc.Infrastructure.ControllerActionInvoker.<InvokeActionMethodAsync>g__Awaited|12_0(ControllerActionInvoker invoker, ValueTask`1 actionResultValueTask)
   at Microsoft.AspNetCore.Mvc.Infrastructure.ControllerActionInvoker.<InvokeNextActionFilterAsync>g__Awaited|10_0(ControllerActionInvoker invoker, Task lastTask, State next, Scope scope, Object state, Boolean isCompleted)
   at Microsoft.AspNetCore.Mvc.Infrastructure.ControllerActionInvoker.Rethrow(ActionExecutedContextSealed context)
   at Microsoft.AspNetCore.Mvc.Infrastructure.ControllerActionInvoker.Next(State& next, Scope& scope, Object& state, Boolean& isCompleted)
   at Microsoft.AspNetCore.Mvc.Infrastructure.ControllerActionInvoker.InvokeInnerFilterAsync()
--- End of stack trace from previous location ---
   at Microsoft.AspNetCore.Mvc.Infrastructure.ResourceInvoker.<InvokeFilterPipelineAsync>g__Awaited|20_0(ResourceInvoker invoker, Task lastTask, State next, Scope scope, Object state, Boolean isCompleted)
   at Microsoft.AspNetCore.Mvc.Infrastructure.ResourceInvoker.<InvokeAsync>g__Logged|17_1(ResourceInvoker invoker)
   at Microsoft.AspNetCore.Mvc.Infrastructure.ResourceInvoker.<InvokeAsync>g__Logged|17_1(ResourceInvoker invoker)
   at Microsoft.AspNetCore.Routing.EndpointMiddleware.<Invoke>g__AwaitRequestTask|7_0(Endpoint endpoint, Task requestTask, ILogger logger)
   at Microsoft.AspNetCore.RateLimiting.RateLimitingMiddleware.InvokeInternal(HttpContext context, EnableRateLimitingAttribute enableRateLimitingAttribute)
   at Program.<>c.<<<Main>$>b__0_5>d.MoveNext() in /home/carlosquezada/Documentos/GitHub/Pruebas opencode/proyectoTodoList/Backend/TaskFlow.Api/Program.cs:line 94
--- End of stack trace from previous location ---
   at Microsoft.AspNetCore.Authorization.AuthorizationMiddleware.Invoke(HttpContext context)
   at Microsoft.AspNetCore.Authentication.AuthenticationMiddleware.Invoke(HttpContext context)
   at Microsoft.AspNetCore.Server.Kestrel.Core.Internal.Http.HttpProtocol.ProcessRequests[TContext](IHttpApplication`1 application)
2026-07-04 01:02:26.408 -04:00 [INF] Request finished HTTP/1.1 GET http://localhost:5001/api/notas - 500 0 null 206.4718ms
2026-07-04 01:02:51.235 -04:00 [INF] Application is shutting down...
2026-07-04 01:07:11.336 -04:00 [INF] Executed DbCommand (33ms) [Parameters=[], CommandType='"Text"', CommandTimeout='30']
PRAGMA journal_mode = 'wal';
2026-07-04 01:07:11.495 -04:00 [INF] Executed DbCommand (0ms) [Parameters=[], CommandType='"Text"', CommandTimeout='30']
CREATE TABLE "Etiquetas" (
    "Id" INTEGER NOT NULL CONSTRAINT "PK_Etiquetas" PRIMARY KEY AUTOINCREMENT,
    "Nombre" TEXT NOT NULL,
    "Color" TEXT NULL,
    "UsuarioId" INTEGER NOT NULL
);
2026-07-04 01:07:11.495 -04:00 [INF] Executed DbCommand (0ms) [Parameters=[], CommandType='"Text"', CommandTimeout='30']
CREATE TABLE "Usuarios" (
    "Id" INTEGER NOT NULL CONSTRAINT "PK_Usuarios" PRIMARY KEY AUTOINCREMENT,
    "Username" TEXT NOT NULL,
    "PasswordHash" TEXT NOT NULL,
    "RefreshToken" TEXT NULL,
    "RefreshTokenExpires" TEXT NULL
);
2026-07-04 01:07:11.495 -04:00 [INF] Executed DbCommand (0ms) [Parameters=[], CommandType='"Text"', CommandTimeout='30']
CREATE TABLE "Notas" (
    "Id" INTEGER NOT NULL CONSTRAINT "PK_Notas" PRIMARY KEY AUTOINCREMENT,
    "Titulo" TEXT NULL,
    "Contenido" TEXT NULL,
    "Color" TEXT NULL,
    "IsPinned" INTEGER NOT NULL,
    "Archivada" INTEGER NOT NULL,
    "IsDeleted" INTEGER NOT NULL,
    "FechaArchivado" TEXT NULL,
    "Recordatorio" TEXT NULL,
    "Orden" INTEGER NOT NULL,
    "FechaCreacion" TEXT NOT NULL,
    "FechaModificacion" TEXT NOT NULL,
    "UsuarioId" INTEGER NOT NULL,
    CONSTRAINT "FK_Notas_Usuarios_UsuarioId" FOREIGN KEY ("UsuarioId") REFERENCES "Usuarios" ("Id") ON DELETE CASCADE
);
2026-07-04 01:07:11.495 -04:00 [INF] Executed DbCommand (0ms) [Parameters=[], CommandType='"Text"', CommandTimeout='30']
CREATE TABLE "NotaEtiqueta" (
    "NotaId" INTEGER NOT NULL,
    "EtiquetaId" INTEGER NOT NULL,
    CONSTRAINT "PK_NotaEtiqueta" PRIMARY KEY ("NotaId", "EtiquetaId"),
    CONSTRAINT "FK_NotaEtiqueta_Etiquetas_EtiquetaId" FOREIGN KEY ("EtiquetaId") REFERENCES "Etiquetas" ("Id") ON DELETE CASCADE,
    CONSTRAINT "FK_NotaEtiqueta_Notas_NotaId" FOREIGN KEY ("NotaId") REFERENCES "Notas" ("Id") ON DELETE CASCADE
);
2026-07-04 01:07:11.495 -04:00 [INF] Executed DbCommand (0ms) [Parameters=[], CommandType='"Text"', CommandTimeout='30']
CREATE TABLE "Tareas" (
    "Id" INTEGER NOT NULL CONSTRAINT "PK_Tareas" PRIMARY KEY AUTOINCREMENT,
    "Texto" TEXT NOT NULL,
    "Completada" INTEGER NOT NULL,
    "NotaId" INTEGER NOT NULL,
    CONSTRAINT "FK_Tareas_Notas_NotaId" FOREIGN KEY ("NotaId") REFERENCES "Notas" ("Id") ON DELETE CASCADE
);
2026-07-04 01:07:11.495 -04:00 [INF] Executed DbCommand (0ms) [Parameters=[], CommandType='"Text"', CommandTimeout='30']
CREATE INDEX "IX_NotaEtiqueta_EtiquetaId" ON "NotaEtiqueta" ("EtiquetaId");
2026-07-04 01:07:11.495 -04:00 [INF] Executed DbCommand (0ms) [Parameters=[], CommandType='"Text"', CommandTimeout='30']
CREATE INDEX "IX_Notas_UsuarioId" ON "Notas" ("UsuarioId");
2026-07-04 01:07:11.495 -04:00 [INF] Executed DbCommand (0ms) [Parameters=[], CommandType='"Text"', CommandTimeout='30']
CREATE INDEX "IX_Tareas_NotaId" ON "Tareas" ("NotaId");
2026-07-04 01:07:11.685 -04:00 [INF] Executed DbCommand (2ms) [Parameters=[], CommandType='"Text"', CommandTimeout='30']
SELECT EXISTS (
    SELECT 1
    FROM "Usuarios" AS "u")
2026-07-04 01:07:11.806 -04:00 [INF] Executed DbCommand (3ms) [Parameters=[@p0='?' (Size = 7), @p1='?', @p2='?' (DbType = DateTime), @p3='?' (Size = 5)], CommandType='"Text"', CommandTimeout='30']
INSERT INTO "Usuarios" ("PasswordHash", "RefreshToken", "RefreshTokenExpires", "Username")
VALUES (@p0, @p1, @p2, @p3)
RETURNING "Id";
2026-07-04 01:07:11.945 -04:00 [INF] Now listening on: http://localhost:5001
2026-07-04 01:07:11.946 -04:00 [INF] Application started. Press Ctrl+C to shut down.
2026-07-04 01:07:11.946 -04:00 [INF] Hosting environment: Production
2026-07-04 01:07:11.946 -04:00 [INF] Content root path: /home/carlosquezada/Documentos/GitHub/Pruebas opencode/proyectoTodoList/Backend/TaskFlow.Api
2026-07-04 01:07:14.188 -04:00 [INF] Request starting HTTP/1.1 GET http://localhost:5001/api/notas - null null
2026-07-04 01:07:14.219 -04:00 [WRN] Failed to determine the https port for redirect.
2026-07-04 01:07:14.230 -04:00 [INF] Executing endpoint 'TaskFlow.Api.Controllers.NotasController.GetAll (TaskFlow.Api)'
2026-07-04 01:07:14.240 -04:00 [INF] Route matched with {action = "GetAll", controller = "Notas"}. Executing controller action with signature System.Threading.Tasks.Task`1[Microsoft.AspNetCore.Mvc.ActionResult`1[TaskFlow.Api.Models.PagedResponse`1[TaskFlow.Api.Models.Nota]]] GetAll(Boolean, Boolean, Int32, Int32) on controller TaskFlow.Api.Controllers.NotasController (TaskFlow.Api).
2026-07-04 01:07:14.338 -04:00 [INF] Executed DbCommand (2ms) [Parameters=[@__usuarioId_0='?' (DbType = Int32), @__archivadas_1='?' (DbType = Boolean)], CommandType='"Text"', CommandTimeout='30']
SELECT COUNT(*)
FROM "Notas" AS "n"
WHERE "n"."UsuarioId" = @__usuarioId_0 AND NOT ("n"."IsDeleted") AND "n"."Archivada" = @__archivadas_1
2026-07-04 01:07:14.453 -04:00 [WRN] Compiling a query which loads related collections for more than one collection navigation, either via 'Include' or through projection, but no 'QuerySplittingBehavior' has been configured. By default, Entity Framework will use 'QuerySplittingBehavior.SingleQuery', which can potentially result in slow query performance. See https://go.microsoft.com/fwlink/?linkid=2134277 for more information. To identify the query that's triggering this warning call 'ConfigureWarnings(w => w.Throw(RelationalEventId.MultipleCollectionIncludeWarning))'.
2026-07-04 01:07:14.476 -04:00 [INF] Executed DbCommand (0ms) [Parameters=[@__usuarioId_0='?' (DbType = Int32), @__archivadas_1='?' (DbType = Boolean), @__p_3='?' (DbType = Int32), @__p_2='?' (DbType = Int32)], CommandType='"Text"', CommandTimeout='30']
SELECT "n1"."Id", "n1"."Archivada", "n1"."Color", "n1"."Contenido", "n1"."FechaArchivado", "n1"."FechaCreacion", "n1"."FechaModificacion", "n1"."IsDeleted", "n1"."IsPinned", "n1"."Orden", "n1"."Recordatorio", "n1"."Titulo", "n1"."UsuarioId", "t"."Id", "t"."Completada", "t"."NotaId", "t"."Texto", "s"."NotaId", "s"."EtiquetaId", "s"."Id", "s"."Color", "s"."Nombre", "s"."UsuarioId"
FROM (
    SELECT "n"."Id", "n"."Archivada", "n"."Color", "n"."Contenido", "n"."FechaArchivado", "n"."FechaCreacion", "n"."FechaModificacion", "n"."IsDeleted", "n"."IsPinned", "n"."Orden", "n"."Recordatorio", "n"."Titulo", "n"."UsuarioId"
    FROM "Notas" AS "n"
    WHERE "n"."UsuarioId" = @__usuarioId_0 AND NOT ("n"."IsDeleted") AND "n"."Archivada" = @__archivadas_1
    ORDER BY "n"."IsPinned" DESC, "n"."Orden", "n"."FechaCreacion" DESC
    LIMIT @__p_3 OFFSET @__p_2
) AS "n1"
LEFT JOIN "Tareas" AS "t" ON "n1"."Id" = "t"."NotaId"
LEFT JOIN (
    SELECT "n0"."NotaId", "n0"."EtiquetaId", "e"."Id", "e"."Color", "e"."Nombre", "e"."UsuarioId"
    FROM "NotaEtiqueta" AS "n0"
    INNER JOIN "Etiquetas" AS "e" ON "n0"."EtiquetaId" = "e"."Id"
) AS "s" ON "n1"."Id" = "s"."NotaId"
ORDER BY "n1"."IsPinned" DESC, "n1"."Orden", "n1"."FechaCreacion" DESC, "n1"."Id", "t"."Id", "s"."NotaId", "s"."EtiquetaId"
2026-07-04 01:07:14.484 -04:00 [INF] Executing OkObjectResult, writing value of type 'TaskFlow.Api.Models.PagedResponse`1[[TaskFlow.Api.Models.Nota, TaskFlow.Api, Version=1.0.0.0, Culture=neutral, PublicKeyToken=null]]'.
2026-07-04 01:07:14.523 -04:00 [INF] Executed action TaskFlow.Api.Controllers.NotasController.GetAll (TaskFlow.Api) in 280.5352ms
2026-07-04 01:07:14.526 -04:00 [INF] Executed endpoint 'TaskFlow.Api.Controllers.NotasController.GetAll (TaskFlow.Api)'
2026-07-04 01:07:14.533 -04:00 [INF] Request finished HTTP/1.1 GET http://localhost:5001/api/notas - 200 null application/json; charset=utf-8 346.3625ms
2026-07-04 01:07:28.251 -04:00 [INF] Application is shutting down...
2026-07-04 01:09:54.125 -04:00 [INF] Executed DbCommand (7ms) [Parameters=[], CommandType='"Text"', CommandTimeout='30']
SELECT COUNT(*) FROM "sqlite_master" WHERE "type" = 'table' AND "rootpage" IS NOT NULL;
2026-07-04 01:09:54.320 -04:00 [INF] Executed DbCommand (0ms) [Parameters=[], CommandType='"Text"', CommandTimeout='30']
SELECT EXISTS (
    SELECT 1
    FROM "Usuarios" AS "u")
2026-07-04 01:09:54.392 -04:00 [INF] Now listening on: http://localhost:5001
2026-07-04 01:09:54.394 -04:00 [INF] Application started. Press Ctrl+C to shut down.
2026-07-04 01:09:54.394 -04:00 [INF] Hosting environment: Production
2026-07-04 01:09:54.394 -04:00 [INF] Content root path: /home/carlosquezada/Documentos/GitHub/Pruebas opencode/proyectoTodoList/Backend/TaskFlow.Api
2026-07-04 01:09:56.938 -04:00 [INF] Request starting HTTP/1.1 GET http://localhost:5001/ - null null
2026-07-04 01:09:56.959 -04:00 [WRN] Failed to determine the https port for redirect.
2026-07-04 01:09:56.962 -04:00 [INF] Executing endpoint 'Fallback {*path:nonfile}'
2026-07-04 01:09:56.970 -04:00 [INF] Sending file. Request path: '/index.html'. Physical path: '/home/carlosquezada/Documentos/GitHub/Pruebas opencode/proyectoTodoList/Backend/TaskFlow.Api/wwwroot/index.html'
2026-07-04 01:09:56.970 -04:00 [INF] Executed endpoint 'Fallback {*path:nonfile}'
2026-07-04 01:09:56.971 -04:00 [INF] Request finished HTTP/1.1 GET http://localhost:5001/index.html - 200 9752 text/html 34.3589ms
2026-07-04 01:10:12.001 -04:00 [INF] Application is shutting down...
2026-07-04 01:26:41.325 -04:00 [INF] Executed DbCommand (19ms) [Parameters=[], CommandType='"Text"', CommandTimeout='30']
PRAGMA journal_mode = 'wal';
2026-07-04 01:26:41.562 -04:00 [INF] Executed DbCommand (0ms) [Parameters=[], CommandType='"Text"', CommandTimeout='30']
CREATE TABLE "Etiquetas" (
    "Id" INTEGER NOT NULL CONSTRAINT "PK_Etiquetas" PRIMARY KEY AUTOINCREMENT,
    "Nombre" TEXT NOT NULL,
    "Color" TEXT NULL,
    "UsuarioId" INTEGER NOT NULL
);
2026-07-04 01:26:41.563 -04:00 [INF] Executed DbCommand (0ms) [Parameters=[], CommandType='"Text"', CommandTimeout='30']
CREATE TABLE "Usuarios" (
    "Id" INTEGER NOT NULL CONSTRAINT "PK_Usuarios" PRIMARY KEY AUTOINCREMENT,
    "Username" TEXT NOT NULL,
    "PasswordHash" TEXT NOT NULL,
    "RefreshToken" TEXT NULL,
    "RefreshTokenExpires" TEXT NULL
);
2026-07-04 01:26:41.563 -04:00 [INF] Executed DbCommand (0ms) [Parameters=[], CommandType='"Text"', CommandTimeout='30']
CREATE TABLE "Notas" (
    "Id" INTEGER NOT NULL CONSTRAINT "PK_Notas" PRIMARY KEY AUTOINCREMENT,
    "Titulo" TEXT NULL,
    "Contenido" TEXT NULL,
    "Color" TEXT NULL,
    "IsPinned" INTEGER NOT NULL,
    "Archivada" INTEGER NOT NULL,
    "IsDeleted" INTEGER NOT NULL,
    "FechaArchivado" TEXT NULL,
    "Recordatorio" TEXT NULL,
    "Orden" INTEGER NOT NULL,
    "FechaCreacion" TEXT NOT NULL,
    "FechaModificacion" TEXT NOT NULL,
    "UsuarioId" INTEGER NOT NULL,
    CONSTRAINT "FK_Notas_Usuarios_UsuarioId" FOREIGN KEY ("UsuarioId") REFERENCES "Usuarios" ("Id") ON DELETE CASCADE
);
2026-07-04 01:26:41.563 -04:00 [INF] Executed DbCommand (0ms) [Parameters=[], CommandType='"Text"', CommandTimeout='30']
CREATE TABLE "NotaEtiqueta" (
    "NotaId" INTEGER NOT NULL,
    "EtiquetaId" INTEGER NOT NULL,
    CONSTRAINT "PK_NotaEtiqueta" PRIMARY KEY ("NotaId", "EtiquetaId"),
    CONSTRAINT "FK_NotaEtiqueta_Etiquetas_EtiquetaId" FOREIGN KEY ("EtiquetaId") REFERENCES "Etiquetas" ("Id") ON DELETE CASCADE,
    CONSTRAINT "FK_NotaEtiqueta_Notas_NotaId" FOREIGN KEY ("NotaId") REFERENCES "Notas" ("Id") ON DELETE CASCADE
);
2026-07-04 01:26:41.563 -04:00 [INF] Executed DbCommand (0ms) [Parameters=[], CommandType='"Text"', CommandTimeout='30']
CREATE TABLE "Tareas" (
    "Id" INTEGER NOT NULL CONSTRAINT "PK_Tareas" PRIMARY KEY AUTOINCREMENT,
    "Texto" TEXT NOT NULL,
    "Completada" INTEGER NOT NULL,
    "NotaId" INTEGER NOT NULL,
    CONSTRAINT "FK_Tareas_Notas_NotaId" FOREIGN KEY ("NotaId") REFERENCES "Notas" ("Id") ON DELETE CASCADE
);
2026-07-04 01:26:41.563 -04:00 [INF] Executed DbCommand (0ms) [Parameters=[], CommandType='"Text"', CommandTimeout='30']
CREATE INDEX "IX_NotaEtiqueta_EtiquetaId" ON "NotaEtiqueta" ("EtiquetaId");
2026-07-04 01:26:41.564 -04:00 [INF] Executed DbCommand (0ms) [Parameters=[], CommandType='"Text"', CommandTimeout='30']
CREATE INDEX "IX_Notas_UsuarioId" ON "Notas" ("UsuarioId");
2026-07-04 01:26:41.564 -04:00 [INF] Executed DbCommand (0ms) [Parameters=[], CommandType='"Text"', CommandTimeout='30']
CREATE INDEX "IX_Tareas_NotaId" ON "Tareas" ("NotaId");
2026-07-04 01:26:41.795 -04:00 [INF] Executed DbCommand (0ms) [Parameters=[], CommandType='"Text"', CommandTimeout='30']
SELECT EXISTS (
    SELECT 1
    FROM "Usuarios" AS "u")
2026-07-04 01:26:42.001 -04:00 [INF] Executed DbCommand (2ms) [Parameters=[@p0='?' (Size = 7), @p1='?', @p2='?' (DbType = DateTime), @p3='?' (Size = 5)], CommandType='"Text"', CommandTimeout='30']
INSERT INTO "Usuarios" ("PasswordHash", "RefreshToken", "RefreshTokenExpires", "Username")
VALUES (@p0, @p1, @p2, @p3)
RETURNING "Id";
2026-07-04 01:26:42.195 -04:00 [INF] Now listening on: http://localhost:5001
2026-07-04 01:26:42.197 -04:00 [INF] Application started. Press Ctrl+C to shut down.
2026-07-04 01:26:42.197 -04:00 [INF] Hosting environment: Production
2026-07-04 01:26:42.197 -04:00 [INF] Content root path: /home/carlosquezada/Documentos/GitHub/Pruebas opencode/proyectoTodoList/Backend/TaskFlow.Api
2026-07-04 01:26:42.763 -04:00 [INF] Request starting HTTP/1.1 GET http://localhost:5001/ - null null
2026-07-04 01:26:42.791 -04:00 [WRN] Failed to determine the https port for redirect.
2026-07-04 01:26:42.793 -04:00 [INF] Executing endpoint 'Fallback {*path:nonfile}'
2026-07-04 01:26:42.805 -04:00 [INF] Sending file. Request path: '/index.html'. Physical path: '/home/carlosquezada/Documentos/GitHub/Pruebas opencode/proyectoTodoList/Backend/TaskFlow.Api/wwwroot/index.html'
2026-07-04 01:26:42.805 -04:00 [INF] Executed endpoint 'Fallback {*path:nonfile}'
2026-07-04 01:26:42.806 -04:00 [INF] Request finished HTTP/1.1 GET http://localhost:5001/index.html - 200 9924 text/html 43.6629ms
2026-07-04 01:26:57.802 -04:00 [INF] Application is shutting down...
2026-07-04 01:27:06.304 -04:00 [INF] Executed DbCommand (7ms) [Parameters=[], CommandType='"Text"', CommandTimeout='30']
SELECT COUNT(*) FROM "sqlite_master" WHERE "type" = 'table' AND "rootpage" IS NOT NULL;
2026-07-04 01:27:06.500 -04:00 [INF] Executed DbCommand (0ms) [Parameters=[], CommandType='"Text"', CommandTimeout='30']
SELECT EXISTS (
    SELECT 1
    FROM "Usuarios" AS "u")
2026-07-04 01:27:06.573 -04:00 [INF] Now listening on: http://localhost:5001
2026-07-04 01:27:06.574 -04:00 [INF] Application started. Press Ctrl+C to shut down.
2026-07-04 01:27:06.575 -04:00 [INF] Hosting environment: Production
2026-07-04 01:27:06.575 -04:00 [INF] Content root path: /home/carlosquezada/Documentos/GitHub/Pruebas opencode/proyectoTodoList/Backend/TaskFlow.Api
2026-07-04 01:27:07.166 -04:00 [INF] Application is shutting down...
2026-07-04 01:27:33.584 -04:00 [INF] Executed DbCommand (8ms) [Parameters=[], CommandType='"Text"', CommandTimeout='30']
SELECT COUNT(*) FROM "sqlite_master" WHERE "type" = 'table' AND "rootpage" IS NOT NULL;
2026-07-04 01:27:33.789 -04:00 [INF] Executed DbCommand (0ms) [Parameters=[], CommandType='"Text"', CommandTimeout='30']
SELECT EXISTS (
    SELECT 1
    FROM "Usuarios" AS "u")
2026-07-04 01:27:33.873 -04:00 [INF] Now listening on: http://localhost:5001
2026-07-04 01:27:33.874 -04:00 [INF] Application started. Press Ctrl+C to shut down.
2026-07-04 01:27:33.875 -04:00 [INF] Hosting environment: Production
2026-07-04 01:27:33.875 -04:00 [INF] Content root path: /home/carlosquezada/Documentos/GitHub/Pruebas opencode/proyectoTodoList/Backend/TaskFlow.Api
2026-07-04 01:27:36.252 -04:00 [INF] Request starting HTTP/1.1 GET http://localhost:5001/ - null null
2026-07-04 01:27:36.271 -04:00 [WRN] Failed to determine the https port for redirect.
2026-07-04 01:27:36.274 -04:00 [INF] Executing endpoint 'Fallback {*path:nonfile}'
2026-07-04 01:27:36.282 -04:00 [INF] Sending file. Request path: '/index.html'. Physical path: '/home/carlosquezada/Documentos/GitHub/Pruebas opencode/proyectoTodoList/Backend/TaskFlow.Api/wwwroot/index.html'
2026-07-04 01:27:36.282 -04:00 [INF] Executed endpoint 'Fallback {*path:nonfile}'
2026-07-04 01:27:36.282 -04:00 [INF] Request finished HTTP/1.1 GET http://localhost:5001/index.html - 200 9924 text/html 31.8297ms
2026-07-04 01:28:01.313 -04:00 [INF] Application is shutting down...
2026-07-04 01:28:09.630 -04:00 [INF] Executed DbCommand (7ms) [Parameters=[], CommandType='"Text"', CommandTimeout='30']
SELECT COUNT(*) FROM "sqlite_master" WHERE "type" = 'table' AND "rootpage" IS NOT NULL;
2026-07-04 01:28:09.838 -04:00 [INF] Executed DbCommand (0ms) [Parameters=[], CommandType='"Text"', CommandTimeout='30']
SELECT EXISTS (
    SELECT 1
    FROM "Usuarios" AS "u")
2026-07-04 01:28:09.915 -04:00 [INF] Now listening on: http://localhost:5001
2026-07-04 01:28:09.917 -04:00 [INF] Application started. Press Ctrl+C to shut down.
2026-07-04 01:28:09.918 -04:00 [INF] Hosting environment: Production
2026-07-04 01:28:09.918 -04:00 [INF] Content root path: /home/carlosquezada/Documentos/GitHub/Pruebas opencode/proyectoTodoList/Backend/TaskFlow.Api
2026-07-04 01:28:10.330 -04:00 [INF] Application is shutting down...
2026-07-04 01:28:26.743 -04:00 [INF] Executed DbCommand (10ms) [Parameters=[], CommandType='"Text"', CommandTimeout='30']
SELECT COUNT(*) FROM "sqlite_master" WHERE "type" = 'table' AND "rootpage" IS NOT NULL;
2026-07-04 01:28:26.949 -04:00 [INF] Executed DbCommand (0ms) [Parameters=[], CommandType='"Text"', CommandTimeout='30']
SELECT EXISTS (
    SELECT 1
    FROM "Usuarios" AS "u")
2026-07-04 01:28:27.030 -04:00 [INF] Now listening on: http://localhost:5001
2026-07-04 01:28:27.031 -04:00 [INF] Application started. Press Ctrl+C to shut down.
2026-07-04 01:28:27.032 -04:00 [INF] Hosting environment: Production
2026-07-04 01:28:27.032 -04:00 [INF] Content root path: /home/carlosquezada/Documentos/GitHub/Pruebas opencode/proyectoTodoList/Backend/TaskFlow.Api
2026-07-04 01:28:32.634 -04:00 [INF] Request starting HTTP/1.1 GET http://localhost:5001/ - null null
2026-07-04 01:28:32.655 -04:00 [WRN] Failed to determine the https port for redirect.
2026-07-04 01:28:32.657 -04:00 [INF] Executing endpoint 'Fallback {*path:nonfile}'
2026-07-04 01:28:32.664 -04:00 [INF] Sending file. Request path: '/index.html'. Physical path: '/home/carlosquezada/Documentos/GitHub/Pruebas opencode/proyectoTodoList/Backend/TaskFlow.Api/wwwroot/index.html'
2026-07-04 01:28:32.664 -04:00 [INF] Executed endpoint 'Fallback {*path:nonfile}'
2026-07-04 01:28:32.664 -04:00 [INF] Request finished HTTP/1.1 GET http://localhost:5001/index.html - 200 9924 text/html 32.1001ms
2026-07-04 01:28:56.211 -04:00 [INF] Request starting HTTP/1.1 GET http://localhost:5001/ - null null
2026-07-04 01:28:56.226 -04:00 [INF] Executing endpoint 'Fallback {*path:nonfile}'
2026-07-04 01:28:56.229 -04:00 [INF] Sending file. Request path: '/index.html'. Physical path: '/home/carlosquezada/Documentos/GitHub/Pruebas opencode/proyectoTodoList/Backend/TaskFlow.Api/wwwroot/index.html'
2026-07-04 01:28:56.230 -04:00 [INF] Executed endpoint 'Fallback {*path:nonfile}'
2026-07-04 01:28:56.231 -04:00 [INF] Request finished HTTP/1.1 GET http://localhost:5001/index.html - 200 9924 text/html 20.1947ms
2026-07-04 01:28:56.250 -04:00 [INF] Request starting HTTP/1.1 GET http://localhost:5001/css/style.css - null null
2026-07-04 01:28:56.252 -04:00 [INF] Sending file. Request path: '/css/style.css'. Physical path: '/home/carlosquezada/Documentos/GitHub/Pruebas opencode/proyectoTodoList/Backend/TaskFlow.Api/wwwroot/css/style.css'
2026-07-04 01:28:56.252 -04:00 [INF] Request finished HTTP/1.1 GET http://localhost:5001/css/style.css - 200 38295 text/css 2.5069ms
2026-07-04 01:28:56.287 -04:00 [INF] Request starting HTTP/1.1 GET http://localhost:5001/js/app.js - null null
2026-07-04 01:28:56.287 -04:00 [INF] Request starting HTTP/1.1 GET http://localhost:5001/manifest.json - null null
2026-07-04 01:28:56.288 -04:00 [INF] Sending file. Request path: '/manifest.json'. Physical path: '/home/carlosquezada/Documentos/GitHub/Pruebas opencode/proyectoTodoList/Backend/TaskFlow.Api/wwwroot/manifest.json'
2026-07-04 01:28:56.288 -04:00 [INF] Sending file. Request path: '/js/app.js'. Physical path: '/home/carlosquezada/Documentos/GitHub/Pruebas opencode/proyectoTodoList/Backend/TaskFlow.Api/wwwroot/js/app.js'
2026-07-04 01:28:56.288 -04:00 [INF] Request finished HTTP/1.1 GET http://localhost:5001/manifest.json - 200 572 application/json 0.415ms
2026-07-04 01:28:56.288 -04:00 [INF] Request finished HTTP/1.1 GET http://localhost:5001/js/app.js - 200 38717 text/javascript 0.5678ms
2026-07-04 01:28:56.991 -04:00 [INF] Request starting HTTP/1.1 GET http://localhost:5001/icons/icon-192.png - null null
2026-07-04 01:28:56.991 -04:00 [INF] Request starting HTTP/1.1 GET http://localhost:5001/sw.js - null null
2026-07-04 01:28:56.998 -04:00 [INF] Sending file. Request path: '/icons/icon-192.png'. Physical path: '/home/carlosquezada/Documentos/GitHub/Pruebas opencode/proyectoTodoList/Backend/TaskFlow.Api/wwwroot/icons/icon-192.png'
2026-07-04 01:28:56.998 -04:00 [INF] Request finished HTTP/1.1 GET http://localhost:5001/icons/icon-192.png - 200 1063 image/png 6.6089ms
2026-07-04 01:28:56.998 -04:00 [INF] Sending file. Request path: '/sw.js'. Physical path: '/home/carlosquezada/Documentos/GitHub/Pruebas opencode/proyectoTodoList/Backend/TaskFlow.Api/wwwroot/sw.js'
2026-07-04 01:28:56.998 -04:00 [INF] Request finished HTTP/1.1 GET http://localhost:5001/sw.js - 200 1038 text/javascript 6.8143ms
2026-07-04 01:28:57.005 -04:00 [INF] Request starting HTTP/1.1 GET http://localhost:5001/index.html - null null
2026-07-04 01:28:57.006 -04:00 [INF] Sending file. Request path: '/index.html'. Physical path: '/home/carlosquezada/Documentos/GitHub/Pruebas opencode/proyectoTodoList/Backend/TaskFlow.Api/wwwroot/index.html'
2026-07-04 01:28:57.006 -04:00 [INF] Request finished HTTP/1.1 GET http://localhost:5001/index.html - 200 9924 text/html 0.7611ms
2026-07-04 01:29:22.569 -04:00 [INF] Request starting HTTP/1.1 GET http://localhost:5001/sw.js - null null
2026-07-04 01:29:22.570 -04:00 [INF] The file /sw.js was not modified
2026-07-04 01:29:22.570 -04:00 [INF] Request finished HTTP/1.1 GET http://localhost:5001/sw.js - 304 null text/javascript 1.7677ms
